<?xml version="1.0" encoding="UTF-8"?>
<!-- Generated by org.testng.reporters.JUnitXMLReporter -->
<testsuite hostname="Amar" ignored="4" name="Test" tests="5" failures="0" timestamp="2021-12-03T12:40:54 IST" time="0.303" errors="0">
  <testcase name="@BeforeClass launchBrowser_URL" time="-1.638515454198E9" classname="com.Vtiger.genericUtil.BaseClass">
    <failure type="org.testng.TestNGException" message="
Parameter &amp;apos;BROWSER&amp;apos; is required by BeforeClass on method launchBrowser_URL but has not been marked @Optional or defined
in D:\April2021\SDET_3_HYD\testngRegressiono.xml">
      <![CDATA[org.testng.TestNGException: 
Parameter 'BROWSER' is required by BeforeClass on method launchBrowser_URL but has not been marked @Optional or defined
in D:\April2021\SDET_3_HYD\testngRegressiono.xml
at java.util.ArrayList.forEach(ArrayList.java:1257)
... Removed 22 stack frames]]>
    </failure>
  </testcase> <!-- @BeforeClass launchBrowser_URL -->
  <testcase name="@BeforeMethod logintoApp" time="-1.638515454255E9" classname="com.Vtiger.genericUtil.BaseClass">
    <skipped/>
  </testcase> <!-- @BeforeMethod logintoApp -->
  <testcase name="@AfterMethod logoutfromApp" time="-1.638515454292E9" classname="com.Vtiger.genericUtil.BaseClass">
    <skipped/>
  </testcase> <!-- @AfterMethod logoutfromApp -->
  <testcase name="@BeforeMethod logintoApp" time="-1.638515454298E9" classname="com.Vtiger.genericUtil.BaseClass">
    <skipped/>
  </testcase> <!-- @BeforeMethod logintoApp -->
  <testcase name="@AfterMethod logoutfromApp" time="-1.638515454317E9" classname="com.Vtiger.genericUtil.BaseClass">
    <skipped/>
  </testcase> <!-- @AfterMethod logoutfromApp -->
  <testcase name="@AfterClass tearDown" time="-1.638515454322E9" classname="com.Vtiger.genericUtil.BaseClass">
    <skipped/>
  </testcase> <!-- @AfterClass tearDown -->
  <testcase name="@BeforeClass launchBrowser_URL" time="-1.63851545433E9" classname="com.Vtiger.genericUtil.BaseClass">
    <failure type="org.testng.TestNGException" message="
Parameter &amp;apos;BROWSER&amp;apos; is required by BeforeClass on method launchBrowser_URL but has not been marked @Optional or defined
in D:\April2021\SDET_3_HYD\testngRegressiono.xml">
      <![CDATA[org.testng.TestNGException: 
Parameter 'BROWSER' is required by BeforeClass on method launchBrowser_URL but has not been marked @Optional or defined
in D:\April2021\SDET_3_HYD\testngRegressiono.xml
at java.util.ArrayList.forEach(ArrayList.java:1257)
... Removed 22 stack frames]]>
    </failure>
  </testcase> <!-- @BeforeClass launchBrowser_URL -->
  <testcase name="@BeforeMethod logintoApp" time="-1.638515454336E9" classname="com.Vtiger.genericUtil.BaseClass">
    <skipped/>
  </testcase> <!-- @BeforeMethod logintoApp -->
  <testcase name="@AfterMethod logoutfromApp" time="-1.638515454359E9" classname="com.Vtiger.genericUtil.BaseClass">
    <skipped/>
  </testcase> <!-- @AfterMethod logoutfromApp -->
  <testcase name="@AfterClass tearDown" time="-1.638515454367E9" classname="com.Vtiger.genericUtil.BaseClass">
    <skipped/>
  </testcase> <!-- @AfterClass tearDown -->
  <testcase name="@BeforeClass launchBrowser_URL" time="-1.638515454373E9" classname="com.Vtiger.genericUtil.BaseClass">
    <failure type="org.testng.TestNGException" message="
Parameter &amp;apos;BROWSER&amp;apos; is required by BeforeClass on method launchBrowser_URL but has not been marked @Optional or defined
in D:\April2021\SDET_3_HYD\testngRegressiono.xml">
      <![CDATA[org.testng.TestNGException: 
Parameter 'BROWSER' is required by BeforeClass on method launchBrowser_URL but has not been marked @Optional or defined
in D:\April2021\SDET_3_HYD\testngRegressiono.xml
at java.util.ArrayList.forEach(ArrayList.java:1257)
... Removed 22 stack frames]]>
    </failure>
  </testcase> <!-- @BeforeClass launchBrowser_URL -->
  <testcase name="@BeforeMethod logintoApp" time="-1.638515454382E9" classname="com.Vtiger.genericUtil.BaseClass">
    <skipped/>
  </testcase> <!-- @BeforeMethod logintoApp -->
  <testcase name="@AfterMethod logoutfromApp" time="-1.638515454412E9" classname="com.Vtiger.genericUtil.BaseClass">
    <skipped/>
  </testcase> <!-- @AfterMethod logoutfromApp -->
  <testcase name="@BeforeMethod logintoApp" time="-1.638515454429E9" classname="com.Vtiger.genericUtil.BaseClass">
    <skipped/>
  </testcase> <!-- @BeforeMethod logintoApp -->
  <testcase name="@AfterMethod logoutfromApp" time="-1.638515454447E9" classname="com.Vtiger.genericUtil.BaseClass">
    <skipped/>
  </testcase> <!-- @AfterMethod logoutfromApp -->
  <testcase name="@AfterClass tearDown" time="-1.638515454451E9" classname="com.Vtiger.genericUtil.BaseClass">
    <skipped/>
  </testcase> <!-- @AfterClass tearDown -->
  <testcase name="createcontact" time="0.0" classname="com.Vtiger.TC.TC003_CreateContactWithOrg">
    <skipped/>
  </testcase> <!-- createcontact -->
  <testcase name="createcontactwithorg" time="0.0" classname="com.Vtiger.TC.TC003_CreateContactWithOrg">
    <skipped/>
  </testcase> <!-- createcontactwithorg -->
  <testcase name="CreateorgwithDD" time="0.0" classname="com.Vtiger.TC.TC002_CreateOrgwithDropDown">
    <skipped/>
  </testcase> <!-- CreateorgwithDD -->
  <testcase name="createOrg" time="0.0" classname="com.Vtiger.TC.TC001_CreateOrganizationTest">
    <skipped/>
  </testcase> <!-- createOrg -->
  <testcase name="createorgwithphonenumber" time="0.0" classname="com.Vtiger.TC.TC001_CreateOrganizationTest">
    <skipped/>
  </testcase> <!-- createorgwithphonenumber -->
  <testcase name="@BeforeSuite setUp" time="0.0" classname="com.Vtiger.genericUtil.BaseClass">
    <ignored/>
  </testcase> <!-- @BeforeSuite setUp -->
  <testcase name="@BeforeSuite setUp" time="0.0" classname="com.Vtiger.genericUtil.BaseClass">
    <ignored/>
  </testcase> <!-- @BeforeSuite setUp -->
  <testcase name="@AfterSuite disconnectfromDB" time="0.0" classname="com.Vtiger.genericUtil.BaseClass">
    <ignored/>
  </testcase> <!-- @AfterSuite disconnectfromDB -->
  <testcase name="@AfterSuite disconnectfromDB" time="0.0" classname="com.Vtiger.genericUtil.BaseClass">
    <ignored/>
  </testcase> <!-- @AfterSuite disconnectfromDB -->
</testsuite> <!-- Test -->
