<html>
<head>
<title>TestNG:  Test</title>
<link href="../testng.css" rel="stylesheet" type="text/css" />
<link href="../my-testng.css" rel="stylesheet" type="text/css" />

<style type="text/css">
.log { display: none;} 
.stack-trace { display: none;} 
</style>
<script type="text/javascript">
<!--
function flip(e) {
  current = e.style.display;
  if (current == 'block') {
    e.style.display = 'none';
    return 0;
  }
  else {
    e.style.display = 'block';
    return 1;
  }
}

function toggleBox(szDivId, elem, msg1, msg2)
{
  var res = -1;  if (document.getElementById) {
    res = flip(document.getElementById(szDivId));
  }
  else if (document.all) {
    // this is the way old msie versions work
    res = flip(document.all[szDivId]);
  }
  if(elem) {
    if(res == 0) elem.innerHTML = msg1; else elem.innerHTML = msg2;
  }

}

function toggleAllBoxes() {
  if (document.getElementsByTagName) {
    d = document.getElementsByTagName('div');
    for (i = 0; i < d.length; i++) {
      if (d[i].className == 'log') {
        flip(d[i]);
      }
    }
  }
}

// -->
</script>

</head>
<body>
<h2 align='center'>Test</h2><table border='1' align="center">
<tr>
<td>Tests passed/Failed/Skipped:</td><td>0/0/5</td>
</tr><tr>
<td>Started on:</td><td>Fri Dec 03 12:40:54 IST 2021</td>
</tr>
<tr><td>Total time:</td><td>0 seconds (303 ms)</td>
</tr><tr>
<td>Included groups:</td><td>RegressionTest smokeTest </td>
</tr><tr>
<td>Excluded groups:</td><td></td>
</tr>
</table><p/>
<small><i>(Hover the method name to see the test class name)</i></small><p/>
<table width='100%' border='1' class='invocation-failed'>
<tr><td colspan='4' align='center'><b>FAILED CONFIGURATIONS</b></td></tr>
<tr><td><b>Test method</b></td>
<td width="30%"><b>Exception</b></td>
<td width="10%"><b>Time (seconds)</b></td>
<td><b>Instance</b></td>
</tr>
<tr>
<td title='com.Vtiger.TC.TC003_CreateContactWithOrg.launchBrowser_URL()'><b>launchBrowser_URL</b><br>Test class: com.Vtiger.TC.TC003_CreateContactWithOrg</td>
<td><div><pre>org.testng.TestNGException: 
Parameter &apos;BROWSER&apos; is required by BeforeClass on method launchBrowser_URL but has not been marked @Optional or defined
in D:\April2021\SDET_3_HYD\testngRegressiono.xml
	at java.util.ArrayList.forEach(ArrayList.java:1257)
... Removed 22 stack frames</pre></div><a href='#' onClick='toggleBox("stack-trace992802731", this, "Click to show all stack frames", "Click to hide stack frames")'>Click to show all stack frames</a>
<div class='stack-trace' id='stack-trace992802731'><pre>org.testng.TestNGException: 
Parameter &apos;BROWSER&apos; is required by BeforeClass on method launchBrowser_URL but has not been marked @Optional or defined
in D:\April2021\SDET_3_HYD\testngRegressiono.xml
	at org.testng.internal.Parameters.createParams(Parameters.java:268)
	at org.testng.internal.Parameters.createParametersForMethod(Parameters.java:356)
	at org.testng.internal.Parameters.createParameters(Parameters.java:700)
	at org.testng.internal.Parameters.createConfigurationParameters(Parameters.java:166)
	at org.testng.internal.ConfigInvoker.invokeConfigurations(ConfigInvoker.java:301)
	at org.testng.internal.TestMethodWorker.invokeBeforeClassMethods(TestMethodWorker.java:176)
	at org.testng.internal.TestMethodWorker.run(TestMethodWorker.java:122)
	at java.util.ArrayList.forEach(ArrayList.java:1257)
	at org.testng.TestRunner.privateRun(TestRunner.java:764)
	at org.testng.TestRunner.run(TestRunner.java:585)
	at org.testng.SuiteRunner.runTest(SuiteRunner.java:384)
	at org.testng.SuiteRunner.runSequentially(SuiteRunner.java:378)
	at org.testng.SuiteRunner.privateRun(SuiteRunner.java:337)
	at org.testng.SuiteRunner.run(SuiteRunner.java:286)
	at org.testng.SuiteRunnerWorker.runSuite(SuiteRunnerWorker.java:53)
	at org.testng.SuiteRunnerWorker.run(SuiteRunnerWorker.java:96)
	at org.testng.TestNG.runSuitesSequentially(TestNG.java:1218)
	at org.testng.TestNG.runSuitesLocally(TestNG.java:1140)
	at org.testng.TestNG.runSuites(TestNG.java:1069)
	at org.testng.TestNG.run(TestNG.java:1037)
	at org.testng.remote.AbstractRemoteTestNG.run(AbstractRemoteTestNG.java:115)
	at org.testng.remote.RemoteTestNG.initAndRun(RemoteTestNG.java:251)
	at org.testng.remote.RemoteTestNG.main(RemoteTestNG.java:77)
</pre></div></td>
<td>-1638515454</td>
<td>com.Vtiger.TC.TC003_CreateContactWithOrg@23a5fd2</td></tr>
<tr>
<td title='com.Vtiger.TC.TC002_CreateOrgwithDropDown.launchBrowser_URL()'><b>launchBrowser_URL</b><br>Test class: com.Vtiger.TC.TC002_CreateOrgwithDropDown</td>
<td><div><pre>org.testng.TestNGException: 
Parameter &apos;BROWSER&apos; is required by BeforeClass on method launchBrowser_URL but has not been marked @Optional or defined
in D:\April2021\SDET_3_HYD\testngRegressiono.xml
	at java.util.ArrayList.forEach(ArrayList.java:1257)
... Removed 22 stack frames</pre></div><a href='#' onClick='toggleBox("stack-trace952486988", this, "Click to show all stack frames", "Click to hide stack frames")'>Click to show all stack frames</a>
<div class='stack-trace' id='stack-trace952486988'><pre>org.testng.TestNGException: 
Parameter &apos;BROWSER&apos; is required by BeforeClass on method launchBrowser_URL but has not been marked @Optional or defined
in D:\April2021\SDET_3_HYD\testngRegressiono.xml
	at org.testng.internal.Parameters.createParams(Parameters.java:268)
	at org.testng.internal.Parameters.createParametersForMethod(Parameters.java:356)
	at org.testng.internal.Parameters.createParameters(Parameters.java:700)
	at org.testng.internal.Parameters.createConfigurationParameters(Parameters.java:166)
	at org.testng.internal.ConfigInvoker.invokeConfigurations(ConfigInvoker.java:301)
	at org.testng.internal.TestMethodWorker.invokeBeforeClassMethods(TestMethodWorker.java:176)
	at org.testng.internal.TestMethodWorker.run(TestMethodWorker.java:122)
	at java.util.ArrayList.forEach(ArrayList.java:1257)
	at org.testng.TestRunner.privateRun(TestRunner.java:764)
	at org.testng.TestRunner.run(TestRunner.java:585)
	at org.testng.SuiteRunner.runTest(SuiteRunner.java:384)
	at org.testng.SuiteRunner.runSequentially(SuiteRunner.java:378)
	at org.testng.SuiteRunner.privateRun(SuiteRunner.java:337)
	at org.testng.SuiteRunner.run(SuiteRunner.java:286)
	at org.testng.SuiteRunnerWorker.runSuite(SuiteRunnerWorker.java:53)
	at org.testng.SuiteRunnerWorker.run(SuiteRunnerWorker.java:96)
	at org.testng.TestNG.runSuitesSequentially(TestNG.java:1218)
	at org.testng.TestNG.runSuitesLocally(TestNG.java:1140)
	at org.testng.TestNG.runSuites(TestNG.java:1069)
	at org.testng.TestNG.run(TestNG.java:1037)
	at org.testng.remote.AbstractRemoteTestNG.run(AbstractRemoteTestNG.java:115)
	at org.testng.remote.RemoteTestNG.initAndRun(RemoteTestNG.java:251)
	at org.testng.remote.RemoteTestNG.main(RemoteTestNG.java:77)
</pre></div></td>
<td>-1638515454</td>
<td>com.Vtiger.TC.TC002_CreateOrgwithDropDown@78a2da20</td></tr>
<tr>
<td title='com.Vtiger.TC.TC001_CreateOrganizationTest.launchBrowser_URL()'><b>launchBrowser_URL</b><br>Test class: com.Vtiger.TC.TC001_CreateOrganizationTest</td>
<td><div><pre>org.testng.TestNGException: 
Parameter &apos;BROWSER&apos; is required by BeforeClass on method launchBrowser_URL but has not been marked @Optional or defined
in D:\April2021\SDET_3_HYD\testngRegressiono.xml
	at java.util.ArrayList.forEach(ArrayList.java:1257)
... Removed 22 stack frames</pre></div><a href='#' onClick='toggleBox("stack-trace1625082366", this, "Click to show all stack frames", "Click to hide stack frames")'>Click to show all stack frames</a>
<div class='stack-trace' id='stack-trace1625082366'><pre>org.testng.TestNGException: 
Parameter &apos;BROWSER&apos; is required by BeforeClass on method launchBrowser_URL but has not been marked @Optional or defined
in D:\April2021\SDET_3_HYD\testngRegressiono.xml
	at org.testng.internal.Parameters.createParams(Parameters.java:268)
	at org.testng.internal.Parameters.createParametersForMethod(Parameters.java:356)
	at org.testng.internal.Parameters.createParameters(Parameters.java:700)
	at org.testng.internal.Parameters.createConfigurationParameters(Parameters.java:166)
	at org.testng.internal.ConfigInvoker.invokeConfigurations(ConfigInvoker.java:301)
	at org.testng.internal.TestMethodWorker.invokeBeforeClassMethods(TestMethodWorker.java:176)
	at org.testng.internal.TestMethodWorker.run(TestMethodWorker.java:122)
	at java.util.ArrayList.forEach(ArrayList.java:1257)
	at org.testng.TestRunner.privateRun(TestRunner.java:764)
	at org.testng.TestRunner.run(TestRunner.java:585)
	at org.testng.SuiteRunner.runTest(SuiteRunner.java:384)
	at org.testng.SuiteRunner.runSequentially(SuiteRunner.java:378)
	at org.testng.SuiteRunner.privateRun(SuiteRunner.java:337)
	at org.testng.SuiteRunner.run(SuiteRunner.java:286)
	at org.testng.SuiteRunnerWorker.runSuite(SuiteRunnerWorker.java:53)
	at org.testng.SuiteRunnerWorker.run(SuiteRunnerWorker.java:96)
	at org.testng.TestNG.runSuitesSequentially(TestNG.java:1218)
	at org.testng.TestNG.runSuitesLocally(TestNG.java:1140)
	at org.testng.TestNG.runSuites(TestNG.java:1069)
	at org.testng.TestNG.run(TestNG.java:1037)
	at org.testng.remote.AbstractRemoteTestNG.run(AbstractRemoteTestNG.java:115)
	at org.testng.remote.RemoteTestNG.initAndRun(RemoteTestNG.java:251)
	at org.testng.remote.RemoteTestNG.main(RemoteTestNG.java:77)
</pre></div></td>
<td>-1638515454</td>
<td>com.Vtiger.TC.TC001_CreateOrganizationTest@dd3b207</td></tr>
</table><p>
<table width='100%' border='1' class='invocation-skipped'>
<tr><td colspan='4' align='center'><b>SKIPPED CONFIGURATIONS</b></td></tr>
<tr><td><b>Test method</b></td>
<td width="30%"><b>Exception</b></td>
<td width="10%"><b>Time (seconds)</b></td>
<td><b>Instance</b></td>
</tr>
<tr>
<td title='com.Vtiger.TC.TC003_CreateContactWithOrg.logintoApp()'><b>logintoApp</b><br>Test class: com.Vtiger.TC.TC003_CreateContactWithOrg</td>
<td></td>
<td>-1638515454</td>
<td>com.Vtiger.TC.TC003_CreateContactWithOrg@23a5fd2</td></tr>
<tr>
<td title='com.Vtiger.TC.TC003_CreateContactWithOrg.logintoApp()'><b>logintoApp</b><br>Test class: com.Vtiger.TC.TC003_CreateContactWithOrg</td>
<td></td>
<td>-1638515454</td>
<td>com.Vtiger.TC.TC003_CreateContactWithOrg@23a5fd2</td></tr>
<tr>
<td title='com.Vtiger.TC.TC002_CreateOrgwithDropDown.logintoApp()'><b>logintoApp</b><br>Test class: com.Vtiger.TC.TC002_CreateOrgwithDropDown</td>
<td></td>
<td>-1638515454</td>
<td>com.Vtiger.TC.TC002_CreateOrgwithDropDown@78a2da20</td></tr>
<tr>
<td title='com.Vtiger.TC.TC001_CreateOrganizationTest.logintoApp()'><b>logintoApp</b><br>Test class: com.Vtiger.TC.TC001_CreateOrganizationTest</td>
<td></td>
<td>-1638515454</td>
<td>com.Vtiger.TC.TC001_CreateOrganizationTest@dd3b207</td></tr>
<tr>
<td title='com.Vtiger.TC.TC001_CreateOrganizationTest.logintoApp()'><b>logintoApp</b><br>Test class: com.Vtiger.TC.TC001_CreateOrganizationTest</td>
<td></td>
<td>-1638515454</td>
<td>com.Vtiger.TC.TC001_CreateOrganizationTest@dd3b207</td></tr>
<tr>
<td title='com.Vtiger.TC.TC003_CreateContactWithOrg.logoutfromApp()'><b>logoutfromApp</b><br>Test class: com.Vtiger.TC.TC003_CreateContactWithOrg</td>
<td></td>
<td>-1638515454</td>
<td>com.Vtiger.TC.TC003_CreateContactWithOrg@23a5fd2</td></tr>
<tr>
<td title='com.Vtiger.TC.TC003_CreateContactWithOrg.logoutfromApp()'><b>logoutfromApp</b><br>Test class: com.Vtiger.TC.TC003_CreateContactWithOrg</td>
<td></td>
<td>-1638515454</td>
<td>com.Vtiger.TC.TC003_CreateContactWithOrg@23a5fd2</td></tr>
<tr>
<td title='com.Vtiger.TC.TC002_CreateOrgwithDropDown.logoutfromApp()'><b>logoutfromApp</b><br>Test class: com.Vtiger.TC.TC002_CreateOrgwithDropDown</td>
<td></td>
<td>-1638515454</td>
<td>com.Vtiger.TC.TC002_CreateOrgwithDropDown@78a2da20</td></tr>
<tr>
<td title='com.Vtiger.TC.TC001_CreateOrganizationTest.logoutfromApp()'><b>logoutfromApp</b><br>Test class: com.Vtiger.TC.TC001_CreateOrganizationTest</td>
<td></td>
<td>-1638515454</td>
<td>com.Vtiger.TC.TC001_CreateOrganizationTest@dd3b207</td></tr>
<tr>
<td title='com.Vtiger.TC.TC001_CreateOrganizationTest.logoutfromApp()'><b>logoutfromApp</b><br>Test class: com.Vtiger.TC.TC001_CreateOrganizationTest</td>
<td></td>
<td>-1638515454</td>
<td>com.Vtiger.TC.TC001_CreateOrganizationTest@dd3b207</td></tr>
<tr>
<td title='com.Vtiger.TC.TC003_CreateContactWithOrg.tearDown()'><b>tearDown</b><br>Test class: com.Vtiger.TC.TC003_CreateContactWithOrg</td>
<td></td>
<td>-1638515454</td>
<td>com.Vtiger.TC.TC003_CreateContactWithOrg@23a5fd2</td></tr>
<tr>
<td title='com.Vtiger.TC.TC002_CreateOrgwithDropDown.tearDown()'><b>tearDown</b><br>Test class: com.Vtiger.TC.TC002_CreateOrgwithDropDown</td>
<td></td>
<td>-1638515454</td>
<td>com.Vtiger.TC.TC002_CreateOrgwithDropDown@78a2da20</td></tr>
<tr>
<td title='com.Vtiger.TC.TC001_CreateOrganizationTest.tearDown()'><b>tearDown</b><br>Test class: com.Vtiger.TC.TC001_CreateOrganizationTest</td>
<td></td>
<td>-1638515454</td>
<td>com.Vtiger.TC.TC001_CreateOrganizationTest@dd3b207</td></tr>
</table><p>
<table width='100%' border='1' class='invocation-skipped'>
<tr><td colspan='4' align='center'><b>SKIPPED TESTS</b></td></tr>
<tr><td><b>Test method</b></td>
<td width="30%"><b>Exception</b></td>
<td width="10%"><b>Time (seconds)</b></td>
<td><b>Instance</b></td>
</tr>
<tr>
<td title='com.Vtiger.TC.TC002_CreateOrgwithDropDown.CreateorgwithDD()'><b>CreateorgwithDD</b><br>Test class: com.Vtiger.TC.TC002_CreateOrgwithDropDown</td>
<td><div><pre>org.testng.TestNGException: 
Parameter &apos;BROWSER&apos; is required by BeforeClass on method launchBrowser_URL but has not been marked @Optional or defined
in D:\April2021\SDET_3_HYD\testngRegressiono.xml
	at java.util.ArrayList.forEach(ArrayList.java:1257)
... Removed 22 stack frames</pre></div><a href='#' onClick='toggleBox("stack-trace591391158", this, "Click to show all stack frames", "Click to hide stack frames")'>Click to show all stack frames</a>
<div class='stack-trace' id='stack-trace591391158'><pre>org.testng.TestNGException: 
Parameter &apos;BROWSER&apos; is required by BeforeClass on method launchBrowser_URL but has not been marked @Optional or defined
in D:\April2021\SDET_3_HYD\testngRegressiono.xml
	at org.testng.internal.Parameters.createParams(Parameters.java:268)
	at org.testng.internal.Parameters.createParametersForMethod(Parameters.java:356)
	at org.testng.internal.Parameters.createParameters(Parameters.java:700)
	at org.testng.internal.Parameters.createConfigurationParameters(Parameters.java:166)
	at org.testng.internal.ConfigInvoker.invokeConfigurations(ConfigInvoker.java:301)
	at org.testng.internal.TestMethodWorker.invokeBeforeClassMethods(TestMethodWorker.java:176)
	at org.testng.internal.TestMethodWorker.run(TestMethodWorker.java:122)
	at java.util.ArrayList.forEach(ArrayList.java:1257)
	at org.testng.TestRunner.privateRun(TestRunner.java:764)
	at org.testng.TestRunner.run(TestRunner.java:585)
	at org.testng.SuiteRunner.runTest(SuiteRunner.java:384)
	at org.testng.SuiteRunner.runSequentially(SuiteRunner.java:378)
	at org.testng.SuiteRunner.privateRun(SuiteRunner.java:337)
	at org.testng.SuiteRunner.run(SuiteRunner.java:286)
	at org.testng.SuiteRunnerWorker.runSuite(SuiteRunnerWorker.java:53)
	at org.testng.SuiteRunnerWorker.run(SuiteRunnerWorker.java:96)
	at org.testng.TestNG.runSuitesSequentially(TestNG.java:1218)
	at org.testng.TestNG.runSuitesLocally(TestNG.java:1140)
	at org.testng.TestNG.runSuites(TestNG.java:1069)
	at org.testng.TestNG.run(TestNG.java:1037)
	at org.testng.remote.AbstractRemoteTestNG.run(AbstractRemoteTestNG.java:115)
	at org.testng.remote.RemoteTestNG.initAndRun(RemoteTestNG.java:251)
	at org.testng.remote.RemoteTestNG.main(RemoteTestNG.java:77)
</pre></div></td>
<td>0</td>
<td>com.Vtiger.TC.TC002_CreateOrgwithDropDown@78a2da20</td></tr>
<tr>
<td title='com.Vtiger.TC.TC001_CreateOrganizationTest.createOrg()'><b>createOrg</b><br>Test class: com.Vtiger.TC.TC001_CreateOrganizationTest</td>
<td><div><pre>org.testng.TestNGException: 
Parameter &apos;BROWSER&apos; is required by BeforeClass on method launchBrowser_URL but has not been marked @Optional or defined
in D:\April2021\SDET_3_HYD\testngRegressiono.xml
	at java.util.ArrayList.forEach(ArrayList.java:1257)
... Removed 22 stack frames</pre></div><a href='#' onClick='toggleBox("stack-trace1024597427", this, "Click to show all stack frames", "Click to hide stack frames")'>Click to show all stack frames</a>
<div class='stack-trace' id='stack-trace1024597427'><pre>org.testng.TestNGException: 
Parameter &apos;BROWSER&apos; is required by BeforeClass on method launchBrowser_URL but has not been marked @Optional or defined
in D:\April2021\SDET_3_HYD\testngRegressiono.xml
	at org.testng.internal.Parameters.createParams(Parameters.java:268)
	at org.testng.internal.Parameters.createParametersForMethod(Parameters.java:356)
	at org.testng.internal.Parameters.createParameters(Parameters.java:700)
	at org.testng.internal.Parameters.createConfigurationParameters(Parameters.java:166)
	at org.testng.internal.ConfigInvoker.invokeConfigurations(ConfigInvoker.java:301)
	at org.testng.internal.TestMethodWorker.invokeBeforeClassMethods(TestMethodWorker.java:176)
	at org.testng.internal.TestMethodWorker.run(TestMethodWorker.java:122)
	at java.util.ArrayList.forEach(ArrayList.java:1257)
	at org.testng.TestRunner.privateRun(TestRunner.java:764)
	at org.testng.TestRunner.run(TestRunner.java:585)
	at org.testng.SuiteRunner.runTest(SuiteRunner.java:384)
	at org.testng.SuiteRunner.runSequentially(SuiteRunner.java:378)
	at org.testng.SuiteRunner.privateRun(SuiteRunner.java:337)
	at org.testng.SuiteRunner.run(SuiteRunner.java:286)
	at org.testng.SuiteRunnerWorker.runSuite(SuiteRunnerWorker.java:53)
	at org.testng.SuiteRunnerWorker.run(SuiteRunnerWorker.java:96)
	at org.testng.TestNG.runSuitesSequentially(TestNG.java:1218)
	at org.testng.TestNG.runSuitesLocally(TestNG.java:1140)
	at org.testng.TestNG.runSuites(TestNG.java:1069)
	at org.testng.TestNG.run(TestNG.java:1037)
	at org.testng.remote.AbstractRemoteTestNG.run(AbstractRemoteTestNG.java:115)
	at org.testng.remote.RemoteTestNG.initAndRun(RemoteTestNG.java:251)
	at org.testng.remote.RemoteTestNG.main(RemoteTestNG.java:77)
</pre></div></td>
<td>0</td>
<td>com.Vtiger.TC.TC001_CreateOrganizationTest@dd3b207</td></tr>
<tr>
<td title='com.Vtiger.TC.TC003_CreateContactWithOrg.createcontact()'><b>createcontact</b><br>Test class: com.Vtiger.TC.TC003_CreateContactWithOrg</td>
<td><div><pre>org.testng.TestNGException: 
Parameter &apos;BROWSER&apos; is required by BeforeClass on method launchBrowser_URL but has not been marked @Optional or defined
in D:\April2021\SDET_3_HYD\testngRegressiono.xml
	at java.util.ArrayList.forEach(ArrayList.java:1257)
... Removed 22 stack frames</pre></div><a href='#' onClick='toggleBox("stack-trace2100961961", this, "Click to show all stack frames", "Click to hide stack frames")'>Click to show all stack frames</a>
<div class='stack-trace' id='stack-trace2100961961'><pre>org.testng.TestNGException: 
Parameter &apos;BROWSER&apos; is required by BeforeClass on method launchBrowser_URL but has not been marked @Optional or defined
in D:\April2021\SDET_3_HYD\testngRegressiono.xml
	at org.testng.internal.Parameters.createParams(Parameters.java:268)
	at org.testng.internal.Parameters.createParametersForMethod(Parameters.java:356)
	at org.testng.internal.Parameters.createParameters(Parameters.java:700)
	at org.testng.internal.Parameters.createConfigurationParameters(Parameters.java:166)
	at org.testng.internal.ConfigInvoker.invokeConfigurations(ConfigInvoker.java:301)
	at org.testng.internal.TestMethodWorker.invokeBeforeClassMethods(TestMethodWorker.java:176)
	at org.testng.internal.TestMethodWorker.run(TestMethodWorker.java:122)
	at java.util.ArrayList.forEach(ArrayList.java:1257)
	at org.testng.TestRunner.privateRun(TestRunner.java:764)
	at org.testng.TestRunner.run(TestRunner.java:585)
	at org.testng.SuiteRunner.runTest(SuiteRunner.java:384)
	at org.testng.SuiteRunner.runSequentially(SuiteRunner.java:378)
	at org.testng.SuiteRunner.privateRun(SuiteRunner.java:337)
	at org.testng.SuiteRunner.run(SuiteRunner.java:286)
	at org.testng.SuiteRunnerWorker.runSuite(SuiteRunnerWorker.java:53)
	at org.testng.SuiteRunnerWorker.run(SuiteRunnerWorker.java:96)
	at org.testng.TestNG.runSuitesSequentially(TestNG.java:1218)
	at org.testng.TestNG.runSuitesLocally(TestNG.java:1140)
	at org.testng.TestNG.runSuites(TestNG.java:1069)
	at org.testng.TestNG.run(TestNG.java:1037)
	at org.testng.remote.AbstractRemoteTestNG.run(AbstractRemoteTestNG.java:115)
	at org.testng.remote.RemoteTestNG.initAndRun(RemoteTestNG.java:251)
	at org.testng.remote.RemoteTestNG.main(RemoteTestNG.java:77)
</pre></div></td>
<td>0</td>
<td>com.Vtiger.TC.TC003_CreateContactWithOrg@23a5fd2</td></tr>
<tr>
<td title='com.Vtiger.TC.TC003_CreateContactWithOrg.createcontactwithorg()'><b>createcontactwithorg</b><br>Test class: com.Vtiger.TC.TC003_CreateContactWithOrg</td>
<td><div><pre>org.testng.TestNGException: 
Parameter &apos;BROWSER&apos; is required by BeforeClass on method launchBrowser_URL but has not been marked @Optional or defined
in D:\April2021\SDET_3_HYD\testngRegressiono.xml
	at java.util.ArrayList.forEach(ArrayList.java:1257)
... Removed 22 stack frames</pre></div><a href='#' onClick='toggleBox("stack-trace1989335500", this, "Click to show all stack frames", "Click to hide stack frames")'>Click to show all stack frames</a>
<div class='stack-trace' id='stack-trace1989335500'><pre>org.testng.TestNGException: 
Parameter &apos;BROWSER&apos; is required by BeforeClass on method launchBrowser_URL but has not been marked @Optional or defined
in D:\April2021\SDET_3_HYD\testngRegressiono.xml
	at org.testng.internal.Parameters.createParams(Parameters.java:268)
	at org.testng.internal.Parameters.createParametersForMethod(Parameters.java:356)
	at org.testng.internal.Parameters.createParameters(Parameters.java:700)
	at org.testng.internal.Parameters.createConfigurationParameters(Parameters.java:166)
	at org.testng.internal.ConfigInvoker.invokeConfigurations(ConfigInvoker.java:301)
	at org.testng.internal.TestMethodWorker.invokeBeforeClassMethods(TestMethodWorker.java:176)
	at org.testng.internal.TestMethodWorker.run(TestMethodWorker.java:122)
	at java.util.ArrayList.forEach(ArrayList.java:1257)
	at org.testng.TestRunner.privateRun(TestRunner.java:764)
	at org.testng.TestRunner.run(TestRunner.java:585)
	at org.testng.SuiteRunner.runTest(SuiteRunner.java:384)
	at org.testng.SuiteRunner.runSequentially(SuiteRunner.java:378)
	at org.testng.SuiteRunner.privateRun(SuiteRunner.java:337)
	at org.testng.SuiteRunner.run(SuiteRunner.java:286)
	at org.testng.SuiteRunnerWorker.runSuite(SuiteRunnerWorker.java:53)
	at org.testng.SuiteRunnerWorker.run(SuiteRunnerWorker.java:96)
	at org.testng.TestNG.runSuitesSequentially(TestNG.java:1218)
	at org.testng.TestNG.runSuitesLocally(TestNG.java:1140)
	at org.testng.TestNG.runSuites(TestNG.java:1069)
	at org.testng.TestNG.run(TestNG.java:1037)
	at org.testng.remote.AbstractRemoteTestNG.run(AbstractRemoteTestNG.java:115)
	at org.testng.remote.RemoteTestNG.initAndRun(RemoteTestNG.java:251)
	at org.testng.remote.RemoteTestNG.main(RemoteTestNG.java:77)
</pre></div></td>
<td>0</td>
<td>com.Vtiger.TC.TC003_CreateContactWithOrg@23a5fd2</td></tr>
<tr>
<td title='com.Vtiger.TC.TC001_CreateOrganizationTest.createorgwithphonenumber()'><b>createorgwithphonenumber</b><br>Test class: com.Vtiger.TC.TC001_CreateOrganizationTest</td>
<td><div><pre>org.testng.TestNGException: 
Parameter &apos;BROWSER&apos; is required by BeforeClass on method launchBrowser_URL but has not been marked @Optional or defined
in D:\April2021\SDET_3_HYD\testngRegressiono.xml
	at java.util.ArrayList.forEach(ArrayList.java:1257)
... Removed 22 stack frames</pre></div><a href='#' onClick='toggleBox("stack-trace1914301543", this, "Click to show all stack frames", "Click to hide stack frames")'>Click to show all stack frames</a>
<div class='stack-trace' id='stack-trace1914301543'><pre>org.testng.TestNGException: 
Parameter &apos;BROWSER&apos; is required by BeforeClass on method launchBrowser_URL but has not been marked @Optional or defined
in D:\April2021\SDET_3_HYD\testngRegressiono.xml
	at org.testng.internal.Parameters.createParams(Parameters.java:268)
	at org.testng.internal.Parameters.createParametersForMethod(Parameters.java:356)
	at org.testng.internal.Parameters.createParameters(Parameters.java:700)
	at org.testng.internal.Parameters.createConfigurationParameters(Parameters.java:166)
	at org.testng.internal.ConfigInvoker.invokeConfigurations(ConfigInvoker.java:301)
	at org.testng.internal.TestMethodWorker.invokeBeforeClassMethods(TestMethodWorker.java:176)
	at org.testng.internal.TestMethodWorker.run(TestMethodWorker.java:122)
	at java.util.ArrayList.forEach(ArrayList.java:1257)
	at org.testng.TestRunner.privateRun(TestRunner.java:764)
	at org.testng.TestRunner.run(TestRunner.java:585)
	at org.testng.SuiteRunner.runTest(SuiteRunner.java:384)
	at org.testng.SuiteRunner.runSequentially(SuiteRunner.java:378)
	at org.testng.SuiteRunner.privateRun(SuiteRunner.java:337)
	at org.testng.SuiteRunner.run(SuiteRunner.java:286)
	at org.testng.SuiteRunnerWorker.runSuite(SuiteRunnerWorker.java:53)
	at org.testng.SuiteRunnerWorker.run(SuiteRunnerWorker.java:96)
	at org.testng.TestNG.runSuitesSequentially(TestNG.java:1218)
	at org.testng.TestNG.runSuitesLocally(TestNG.java:1140)
	at org.testng.TestNG.runSuites(TestNG.java:1069)
	at org.testng.TestNG.run(TestNG.java:1037)
	at org.testng.remote.AbstractRemoteTestNG.run(AbstractRemoteTestNG.java:115)
	at org.testng.remote.RemoteTestNG.initAndRun(RemoteTestNG.java:251)
	at org.testng.remote.RemoteTestNG.main(RemoteTestNG.java:77)
</pre></div></td>
<td>0</td>
<td>com.Vtiger.TC.TC001_CreateOrganizationTest@dd3b207</td></tr>
</table><p>
</body>
</html>