<?xml version="1.0" encoding="UTF-8"?>
<testng-results skipped="5" failed="0" ignored="4" total="9" passed="0">
  <reporter-output>
  </reporter-output>
  <suite name="Suite" duration-ms="303" started-at="2021-12-03T12:40:54 IST" finished-at="2021-12-03T12:40:54 IST">
    <groups>
      <group name="RegressionTest">
        <method signature="TC001_CreateOrganizationTest.createorgwithphonenumber()[pri:0, instance:com.Vtiger.TC.TC001_CreateOrganizationTest@dd3b207]" name="createorgwithphonenumber" class="com.Vtiger.TC.TC001_CreateOrganizationTest"/>
        <method signature="TC002_CreateOrgwithDropDown.CreateorgwithDD()[pri:0, instance:com.Vtiger.TC.TC002_CreateOrgwithDropDown@78a2da20]" name="CreateorgwithDD" class="com.Vtiger.TC.TC002_CreateOrgwithDropDown"/>
        <method signature="TC003_CreateContactWithOrg.createcontactwithorg()[pri:0, instance:com.Vtiger.TC.TC003_CreateContactWithOrg@23a5fd2]" name="createcontactwithorg" class="com.Vtiger.TC.TC003_CreateContactWithOrg"/>
      </group> <!-- RegressionTest -->
      <group name="smokeTest">
        <method signature="TC001_CreateOrganizationTest.createOrg()[pri:0, instance:com.Vtiger.TC.TC001_CreateOrganizationTest@dd3b207]" name="createOrg" class="com.Vtiger.TC.TC001_CreateOrganizationTest"/>
        <method signature="TC003_CreateContactWithOrg.createcontact()[pri:0, instance:com.Vtiger.TC.TC003_CreateContactWithOrg@23a5fd2]" name="createcontact" class="com.Vtiger.TC.TC003_CreateContactWithOrg"/>
      </group> <!-- smokeTest -->
    </groups>
    <test name="Test" duration-ms="303" started-at="2021-12-03T12:40:54 IST" finished-at="2021-12-03T12:40:54 IST">
      <class name="com.Vtiger.TC.TC002_CreateOrgwithDropDown">
        <test-method status="FAIL" signature="launchBrowser_URL(java.lang.String)[pri:0, instance:com.Vtiger.TC.TC002_CreateOrgwithDropDown@78a2da20]" name="launchBrowser_URL" is-config="true" duration-ms="-1638515454330" started-at="2021-12-03T12:40:54 IST" finished-at="1970-01-01T05:30:00 IST">
          <exception class="org.testng.TestNGException">
            <message>
              <![CDATA[
Parameter 'BROWSER' is required by BeforeClass on method launchBrowser_URL but has not been marked @Optional or defined
in D:\April2021\SDET_3_HYD\testngRegressiono.xml]]>
            </message>
            <full-stacktrace>
              <![CDATA[org.testng.TestNGException: 
Parameter 'BROWSER' is required by BeforeClass on method launchBrowser_URL but has not been marked @Optional or defined
in D:\April2021\SDET_3_HYD\testngRegressiono.xml
at org.testng.internal.Parameters.createParams(Parameters.java:268)
at org.testng.internal.Parameters.createParametersForMethod(Parameters.java:356)
at org.testng.internal.Parameters.createParameters(Parameters.java:700)
at org.testng.internal.Parameters.createConfigurationParameters(Parameters.java:166)
at org.testng.internal.ConfigInvoker.invokeConfigurations(ConfigInvoker.java:301)
at org.testng.internal.TestMethodWorker.invokeBeforeClassMethods(TestMethodWorker.java:176)
at org.testng.internal.TestMethodWorker.run(TestMethodWorker.java:122)
at java.util.ArrayList.forEach(ArrayList.java:1257)
at org.testng.TestRunner.privateRun(TestRunner.java:764)
at org.testng.TestRunner.run(TestRunner.java:585)
at org.testng.SuiteRunner.runTest(SuiteRunner.java:384)
at org.testng.SuiteRunner.runSequentially(SuiteRunner.java:378)
at org.testng.SuiteRunner.privateRun(SuiteRunner.java:337)
at org.testng.SuiteRunner.run(SuiteRunner.java:286)
at org.testng.SuiteRunnerWorker.runSuite(SuiteRunnerWorker.java:53)
at org.testng.SuiteRunnerWorker.run(SuiteRunnerWorker.java:96)
at org.testng.TestNG.runSuitesSequentially(TestNG.java:1218)
at org.testng.TestNG.runSuitesLocally(TestNG.java:1140)
at org.testng.TestNG.runSuites(TestNG.java:1069)
at org.testng.TestNG.run(TestNG.java:1037)
at org.testng.remote.AbstractRemoteTestNG.run(AbstractRemoteTestNG.java:115)
at org.testng.remote.RemoteTestNG.initAndRun(RemoteTestNG.java:251)
at org.testng.remote.RemoteTestNG.main(RemoteTestNG.java:77)
]]>
            </full-stacktrace>
          </exception> <!-- org.testng.TestNGException -->
          <reporter-output>
          </reporter-output>
        </test-method> <!-- launchBrowser_URL -->
        <test-method status="SKIP" signature="logintoApp()[pri:0, instance:com.Vtiger.TC.TC002_CreateOrgwithDropDown@78a2da20]" name="logintoApp" is-config="true" duration-ms="-1638515454336" started-at="2021-12-03T12:40:54 IST" finished-at="1970-01-01T05:30:00 IST">
          <reporter-output>
          </reporter-output>
        </test-method> <!-- logintoApp -->
        <test-method status="SKIP" signature="CreateorgwithDD()[pri:0, instance:com.Vtiger.TC.TC002_CreateOrgwithDropDown@78a2da20]" name="CreateorgwithDD" duration-ms="0" started-at="2021-12-03T12:40:54 IST" finished-at="2021-12-03T12:40:54 IST">
          <exception class="org.testng.TestNGException">
            <message>
              <![CDATA[
Parameter 'BROWSER' is required by BeforeClass on method launchBrowser_URL but has not been marked @Optional or defined
in D:\April2021\SDET_3_HYD\testngRegressiono.xml]]>
            </message>
            <full-stacktrace>
              <![CDATA[org.testng.TestNGException: 
Parameter 'BROWSER' is required by BeforeClass on method launchBrowser_URL but has not been marked @Optional or defined
in D:\April2021\SDET_3_HYD\testngRegressiono.xml
at org.testng.internal.Parameters.createParams(Parameters.java:268)
at org.testng.internal.Parameters.createParametersForMethod(Parameters.java:356)
at org.testng.internal.Parameters.createParameters(Parameters.java:700)
at org.testng.internal.Parameters.createConfigurationParameters(Parameters.java:166)
at org.testng.internal.ConfigInvoker.invokeConfigurations(ConfigInvoker.java:301)
at org.testng.internal.TestMethodWorker.invokeBeforeClassMethods(TestMethodWorker.java:176)
at org.testng.internal.TestMethodWorker.run(TestMethodWorker.java:122)
at java.util.ArrayList.forEach(ArrayList.java:1257)
at org.testng.TestRunner.privateRun(TestRunner.java:764)
at org.testng.TestRunner.run(TestRunner.java:585)
at org.testng.SuiteRunner.runTest(SuiteRunner.java:384)
at org.testng.SuiteRunner.runSequentially(SuiteRunner.java:378)
at org.testng.SuiteRunner.privateRun(SuiteRunner.java:337)
at org.testng.SuiteRunner.run(SuiteRunner.java:286)
at org.testng.SuiteRunnerWorker.runSuite(SuiteRunnerWorker.java:53)
at org.testng.SuiteRunnerWorker.run(SuiteRunnerWorker.java:96)
at org.testng.TestNG.runSuitesSequentially(TestNG.java:1218)
at org.testng.TestNG.runSuitesLocally(TestNG.java:1140)
at org.testng.TestNG.runSuites(TestNG.java:1069)
at org.testng.TestNG.run(TestNG.java:1037)
at org.testng.remote.AbstractRemoteTestNG.run(AbstractRemoteTestNG.java:115)
at org.testng.remote.RemoteTestNG.initAndRun(RemoteTestNG.java:251)
at org.testng.remote.RemoteTestNG.main(RemoteTestNG.java:77)
]]>
            </full-stacktrace>
          </exception> <!-- org.testng.TestNGException -->
          <reporter-output>
          </reporter-output>
        </test-method> <!-- CreateorgwithDD -->
        <test-method status="SKIP" signature="logoutfromApp()[pri:0, instance:com.Vtiger.TC.TC002_CreateOrgwithDropDown@78a2da20]" name="logoutfromApp" is-config="true" duration-ms="-1638515454359" started-at="2021-12-03T12:40:54 IST" finished-at="1970-01-01T05:30:00 IST">
          <reporter-output>
          </reporter-output>
        </test-method> <!-- logoutfromApp -->
        <test-method status="SKIP" signature="tearDown()[pri:0, instance:com.Vtiger.TC.TC002_CreateOrgwithDropDown@78a2da20]" name="tearDown" is-config="true" duration-ms="-1638515454367" started-at="2021-12-03T12:40:54 IST" finished-at="1970-01-01T05:30:00 IST">
          <reporter-output>
          </reporter-output>
        </test-method> <!-- tearDown -->
      </class> <!-- com.Vtiger.TC.TC002_CreateOrgwithDropDown -->
      <class name="com.Vtiger.TC.TC003_CreateContactWithOrg">
        <test-method status="PASS" signature="setUp()[pri:0, instance:com.Vtiger.TC.TC003_CreateContactWithOrg@23a5fd2]" name="setUp" is-config="true" duration-ms="31" started-at="2021-12-03T12:40:54 IST" finished-at="2021-12-03T12:40:54 IST">
          <reporter-output>
          </reporter-output>
        </test-method> <!-- setUp -->
        <test-method status="FAIL" signature="launchBrowser_URL(java.lang.String)[pri:0, instance:com.Vtiger.TC.TC003_CreateContactWithOrg@23a5fd2]" name="launchBrowser_URL" is-config="true" duration-ms="-1638515454198" started-at="2021-12-03T12:40:54 IST" finished-at="1970-01-01T05:30:00 IST">
          <exception class="org.testng.TestNGException">
            <message>
              <![CDATA[
Parameter 'BROWSER' is required by BeforeClass on method launchBrowser_URL but has not been marked @Optional or defined
in D:\April2021\SDET_3_HYD\testngRegressiono.xml]]>
            </message>
            <full-stacktrace>
              <![CDATA[org.testng.TestNGException: 
Parameter 'BROWSER' is required by BeforeClass on method launchBrowser_URL but has not been marked @Optional or defined
in D:\April2021\SDET_3_HYD\testngRegressiono.xml
at org.testng.internal.Parameters.createParams(Parameters.java:268)
at org.testng.internal.Parameters.createParametersForMethod(Parameters.java:356)
at org.testng.internal.Parameters.createParameters(Parameters.java:700)
at org.testng.internal.Parameters.createConfigurationParameters(Parameters.java:166)
at org.testng.internal.ConfigInvoker.invokeConfigurations(ConfigInvoker.java:301)
at org.testng.internal.TestMethodWorker.invokeBeforeClassMethods(TestMethodWorker.java:176)
at org.testng.internal.TestMethodWorker.run(TestMethodWorker.java:122)
at java.util.ArrayList.forEach(ArrayList.java:1257)
at org.testng.TestRunner.privateRun(TestRunner.java:764)
at org.testng.TestRunner.run(TestRunner.java:585)
at org.testng.SuiteRunner.runTest(SuiteRunner.java:384)
at org.testng.SuiteRunner.runSequentially(SuiteRunner.java:378)
at org.testng.SuiteRunner.privateRun(SuiteRunner.java:337)
at org.testng.SuiteRunner.run(SuiteRunner.java:286)
at org.testng.SuiteRunnerWorker.runSuite(SuiteRunnerWorker.java:53)
at org.testng.SuiteRunnerWorker.run(SuiteRunnerWorker.java:96)
at org.testng.TestNG.runSuitesSequentially(TestNG.java:1218)
at org.testng.TestNG.runSuitesLocally(TestNG.java:1140)
at org.testng.TestNG.runSuites(TestNG.java:1069)
at org.testng.TestNG.run(TestNG.java:1037)
at org.testng.remote.AbstractRemoteTestNG.run(AbstractRemoteTestNG.java:115)
at org.testng.remote.RemoteTestNG.initAndRun(RemoteTestNG.java:251)
at org.testng.remote.RemoteTestNG.main(RemoteTestNG.java:77)
]]>
            </full-stacktrace>
          </exception> <!-- org.testng.TestNGException -->
          <reporter-output>
          </reporter-output>
        </test-method> <!-- launchBrowser_URL -->
        <test-method status="SKIP" signature="logintoApp()[pri:0, instance:com.Vtiger.TC.TC003_CreateContactWithOrg@23a5fd2]" name="logintoApp" is-config="true" duration-ms="-1638515454255" started-at="2021-12-03T12:40:54 IST" finished-at="1970-01-01T05:30:00 IST">
          <reporter-output>
          </reporter-output>
        </test-method> <!-- logintoApp -->
        <test-method status="SKIP" signature="createcontact()[pri:0, instance:com.Vtiger.TC.TC003_CreateContactWithOrg@23a5fd2]" name="createcontact" duration-ms="0" started-at="2021-12-03T12:40:54 IST" finished-at="2021-12-03T12:40:54 IST">
          <exception class="org.testng.TestNGException">
            <message>
              <![CDATA[
Parameter 'BROWSER' is required by BeforeClass on method launchBrowser_URL but has not been marked @Optional or defined
in D:\April2021\SDET_3_HYD\testngRegressiono.xml]]>
            </message>
            <full-stacktrace>
              <![CDATA[org.testng.TestNGException: 
Parameter 'BROWSER' is required by BeforeClass on method launchBrowser_URL but has not been marked @Optional or defined
in D:\April2021\SDET_3_HYD\testngRegressiono.xml
at org.testng.internal.Parameters.createParams(Parameters.java:268)
at org.testng.internal.Parameters.createParametersForMethod(Parameters.java:356)
at org.testng.internal.Parameters.createParameters(Parameters.java:700)
at org.testng.internal.Parameters.createConfigurationParameters(Parameters.java:166)
at org.testng.internal.ConfigInvoker.invokeConfigurations(ConfigInvoker.java:301)
at org.testng.internal.TestMethodWorker.invokeBeforeClassMethods(TestMethodWorker.java:176)
at org.testng.internal.TestMethodWorker.run(TestMethodWorker.java:122)
at java.util.ArrayList.forEach(ArrayList.java:1257)
at org.testng.TestRunner.privateRun(TestRunner.java:764)
at org.testng.TestRunner.run(TestRunner.java:585)
at org.testng.SuiteRunner.runTest(SuiteRunner.java:384)
at org.testng.SuiteRunner.runSequentially(SuiteRunner.java:378)
at org.testng.SuiteRunner.privateRun(SuiteRunner.java:337)
at org.testng.SuiteRunner.run(SuiteRunner.java:286)
at org.testng.SuiteRunnerWorker.runSuite(SuiteRunnerWorker.java:53)
at org.testng.SuiteRunnerWorker.run(SuiteRunnerWorker.java:96)
at org.testng.TestNG.runSuitesSequentially(TestNG.java:1218)
at org.testng.TestNG.runSuitesLocally(TestNG.java:1140)
at org.testng.TestNG.runSuites(TestNG.java:1069)
at org.testng.TestNG.run(TestNG.java:1037)
at org.testng.remote.AbstractRemoteTestNG.run(AbstractRemoteTestNG.java:115)
at org.testng.remote.RemoteTestNG.initAndRun(RemoteTestNG.java:251)
at org.testng.remote.RemoteTestNG.main(RemoteTestNG.java:77)
]]>
            </full-stacktrace>
          </exception> <!-- org.testng.TestNGException -->
          <reporter-output>
          </reporter-output>
        </test-method> <!-- createcontact -->
        <test-method status="SKIP" signature="logoutfromApp()[pri:0, instance:com.Vtiger.TC.TC003_CreateContactWithOrg@23a5fd2]" name="logoutfromApp" is-config="true" duration-ms="-1638515454292" started-at="2021-12-03T12:40:54 IST" finished-at="1970-01-01T05:30:00 IST">
          <reporter-output>
          </reporter-output>
        </test-method> <!-- logoutfromApp -->
        <test-method status="SKIP" signature="logintoApp()[pri:0, instance:com.Vtiger.TC.TC003_CreateContactWithOrg@23a5fd2]" name="logintoApp" is-config="true" duration-ms="-1638515454298" started-at="2021-12-03T12:40:54 IST" finished-at="1970-01-01T05:30:00 IST">
          <reporter-output>
          </reporter-output>
        </test-method> <!-- logintoApp -->
        <test-method status="SKIP" signature="createcontactwithorg()[pri:0, instance:com.Vtiger.TC.TC003_CreateContactWithOrg@23a5fd2]" name="createcontactwithorg" duration-ms="0" started-at="2021-12-03T12:40:54 IST" finished-at="2021-12-03T12:40:54 IST">
          <exception class="org.testng.TestNGException">
            <message>
              <![CDATA[
Parameter 'BROWSER' is required by BeforeClass on method launchBrowser_URL but has not been marked @Optional or defined
in D:\April2021\SDET_3_HYD\testngRegressiono.xml]]>
            </message>
            <full-stacktrace>
              <![CDATA[org.testng.TestNGException: 
Parameter 'BROWSER' is required by BeforeClass on method launchBrowser_URL but has not been marked @Optional or defined
in D:\April2021\SDET_3_HYD\testngRegressiono.xml
at org.testng.internal.Parameters.createParams(Parameters.java:268)
at org.testng.internal.Parameters.createParametersForMethod(Parameters.java:356)
at org.testng.internal.Parameters.createParameters(Parameters.java:700)
at org.testng.internal.Parameters.createConfigurationParameters(Parameters.java:166)
at org.testng.internal.ConfigInvoker.invokeConfigurations(ConfigInvoker.java:301)
at org.testng.internal.TestMethodWorker.invokeBeforeClassMethods(TestMethodWorker.java:176)
at org.testng.internal.TestMethodWorker.run(TestMethodWorker.java:122)
at java.util.ArrayList.forEach(ArrayList.java:1257)
at org.testng.TestRunner.privateRun(TestRunner.java:764)
at org.testng.TestRunner.run(TestRunner.java:585)
at org.testng.SuiteRunner.runTest(SuiteRunner.java:384)
at org.testng.SuiteRunner.runSequentially(SuiteRunner.java:378)
at org.testng.SuiteRunner.privateRun(SuiteRunner.java:337)
at org.testng.SuiteRunner.run(SuiteRunner.java:286)
at org.testng.SuiteRunnerWorker.runSuite(SuiteRunnerWorker.java:53)
at org.testng.SuiteRunnerWorker.run(SuiteRunnerWorker.java:96)
at org.testng.TestNG.runSuitesSequentially(TestNG.java:1218)
at org.testng.TestNG.runSuitesLocally(TestNG.java:1140)
at org.testng.TestNG.runSuites(TestNG.java:1069)
at org.testng.TestNG.run(TestNG.java:1037)
at org.testng.remote.AbstractRemoteTestNG.run(AbstractRemoteTestNG.java:115)
at org.testng.remote.RemoteTestNG.initAndRun(RemoteTestNG.java:251)
at org.testng.remote.RemoteTestNG.main(RemoteTestNG.java:77)
]]>
            </full-stacktrace>
          </exception> <!-- org.testng.TestNGException -->
          <reporter-output>
          </reporter-output>
        </test-method> <!-- createcontactwithorg -->
        <test-method status="SKIP" signature="logoutfromApp()[pri:0, instance:com.Vtiger.TC.TC003_CreateContactWithOrg@23a5fd2]" name="logoutfromApp" is-config="true" duration-ms="-1638515454317" started-at="2021-12-03T12:40:54 IST" finished-at="1970-01-01T05:30:00 IST">
          <reporter-output>
          </reporter-output>
        </test-method> <!-- logoutfromApp -->
        <test-method status="SKIP" signature="tearDown()[pri:0, instance:com.Vtiger.TC.TC003_CreateContactWithOrg@23a5fd2]" name="tearDown" is-config="true" duration-ms="-1638515454322" started-at="2021-12-03T12:40:54 IST" finished-at="1970-01-01T05:30:00 IST">
          <reporter-output>
          </reporter-output>
        </test-method> <!-- tearDown -->
        <test-method status="PASS" signature="disconnectfromDB()[pri:0, instance:com.Vtiger.TC.TC003_CreateContactWithOrg@23a5fd2]" name="disconnectfromDB" is-config="true" duration-ms="1" started-at="2021-12-03T12:40:54 IST" finished-at="2021-12-03T12:40:54 IST">
          <reporter-output>
          </reporter-output>
        </test-method> <!-- disconnectfromDB -->
      </class> <!-- com.Vtiger.TC.TC003_CreateContactWithOrg -->
      <class name="com.Vtiger.TC.TC001_CreateOrganizationTest">
        <test-method status="FAIL" signature="launchBrowser_URL(java.lang.String)[pri:0, instance:com.Vtiger.TC.TC001_CreateOrganizationTest@dd3b207]" name="launchBrowser_URL" is-config="true" duration-ms="-1638515454373" started-at="2021-12-03T12:40:54 IST" finished-at="1970-01-01T05:30:00 IST">
          <exception class="org.testng.TestNGException">
            <message>
              <![CDATA[
Parameter 'BROWSER' is required by BeforeClass on method launchBrowser_URL but has not been marked @Optional or defined
in D:\April2021\SDET_3_HYD\testngRegressiono.xml]]>
            </message>
            <full-stacktrace>
              <![CDATA[org.testng.TestNGException: 
Parameter 'BROWSER' is required by BeforeClass on method launchBrowser_URL but has not been marked @Optional or defined
in D:\April2021\SDET_3_HYD\testngRegressiono.xml
at org.testng.internal.Parameters.createParams(Parameters.java:268)
at org.testng.internal.Parameters.createParametersForMethod(Parameters.java:356)
at org.testng.internal.Parameters.createParameters(Parameters.java:700)
at org.testng.internal.Parameters.createConfigurationParameters(Parameters.java:166)
at org.testng.internal.ConfigInvoker.invokeConfigurations(ConfigInvoker.java:301)
at org.testng.internal.TestMethodWorker.invokeBeforeClassMethods(TestMethodWorker.java:176)
at org.testng.internal.TestMethodWorker.run(TestMethodWorker.java:122)
at java.util.ArrayList.forEach(ArrayList.java:1257)
at org.testng.TestRunner.privateRun(TestRunner.java:764)
at org.testng.TestRunner.run(TestRunner.java:585)
at org.testng.SuiteRunner.runTest(SuiteRunner.java:384)
at org.testng.SuiteRunner.runSequentially(SuiteRunner.java:378)
at org.testng.SuiteRunner.privateRun(SuiteRunner.java:337)
at org.testng.SuiteRunner.run(SuiteRunner.java:286)
at org.testng.SuiteRunnerWorker.runSuite(SuiteRunnerWorker.java:53)
at org.testng.SuiteRunnerWorker.run(SuiteRunnerWorker.java:96)
at org.testng.TestNG.runSuitesSequentially(TestNG.java:1218)
at org.testng.TestNG.runSuitesLocally(TestNG.java:1140)
at org.testng.TestNG.runSuites(TestNG.java:1069)
at org.testng.TestNG.run(TestNG.java:1037)
at org.testng.remote.AbstractRemoteTestNG.run(AbstractRemoteTestNG.java:115)
at org.testng.remote.RemoteTestNG.initAndRun(RemoteTestNG.java:251)
at org.testng.remote.RemoteTestNG.main(RemoteTestNG.java:77)
]]>
            </full-stacktrace>
          </exception> <!-- org.testng.TestNGException -->
          <reporter-output>
          </reporter-output>
        </test-method> <!-- launchBrowser_URL -->
        <test-method status="SKIP" signature="logintoApp()[pri:0, instance:com.Vtiger.TC.TC001_CreateOrganizationTest@dd3b207]" name="logintoApp" is-config="true" duration-ms="-1638515454382" started-at="2021-12-03T12:40:54 IST" finished-at="1970-01-01T05:30:00 IST">
          <reporter-output>
          </reporter-output>
        </test-method> <!-- logintoApp -->
        <test-method status="SKIP" signature="createOrg()[pri:0, instance:com.Vtiger.TC.TC001_CreateOrganizationTest@dd3b207]" name="createOrg" duration-ms="0" started-at="2021-12-03T12:40:54 IST" finished-at="2021-12-03T12:40:54 IST">
          <exception class="org.testng.TestNGException">
            <message>
              <![CDATA[
Parameter 'BROWSER' is required by BeforeClass on method launchBrowser_URL but has not been marked @Optional or defined
in D:\April2021\SDET_3_HYD\testngRegressiono.xml]]>
            </message>
            <full-stacktrace>
              <![CDATA[org.testng.TestNGException: 
Parameter 'BROWSER' is required by BeforeClass on method launchBrowser_URL but has not been marked @Optional or defined
in D:\April2021\SDET_3_HYD\testngRegressiono.xml
at org.testng.internal.Parameters.createParams(Parameters.java:268)
at org.testng.internal.Parameters.createParametersForMethod(Parameters.java:356)
at org.testng.internal.Parameters.createParameters(Parameters.java:700)
at org.testng.internal.Parameters.createConfigurationParameters(Parameters.java:166)
at org.testng.internal.ConfigInvoker.invokeConfigurations(ConfigInvoker.java:301)
at org.testng.internal.TestMethodWorker.invokeBeforeClassMethods(TestMethodWorker.java:176)
at org.testng.internal.TestMethodWorker.run(TestMethodWorker.java:122)
at java.util.ArrayList.forEach(ArrayList.java:1257)
at org.testng.TestRunner.privateRun(TestRunner.java:764)
at org.testng.TestRunner.run(TestRunner.java:585)
at org.testng.SuiteRunner.runTest(SuiteRunner.java:384)
at org.testng.SuiteRunner.runSequentially(SuiteRunner.java:378)
at org.testng.SuiteRunner.privateRun(SuiteRunner.java:337)
at org.testng.SuiteRunner.run(SuiteRunner.java:286)
at org.testng.SuiteRunnerWorker.runSuite(SuiteRunnerWorker.java:53)
at org.testng.SuiteRunnerWorker.run(SuiteRunnerWorker.java:96)
at org.testng.TestNG.runSuitesSequentially(TestNG.java:1218)
at org.testng.TestNG.runSuitesLocally(TestNG.java:1140)
at org.testng.TestNG.runSuites(TestNG.java:1069)
at org.testng.TestNG.run(TestNG.java:1037)
at org.testng.remote.AbstractRemoteTestNG.run(AbstractRemoteTestNG.java:115)
at org.testng.remote.RemoteTestNG.initAndRun(RemoteTestNG.java:251)
at org.testng.remote.RemoteTestNG.main(RemoteTestNG.java:77)
]]>
            </full-stacktrace>
          </exception> <!-- org.testng.TestNGException -->
          <reporter-output>
          </reporter-output>
        </test-method> <!-- createOrg -->
        <test-method status="SKIP" signature="logoutfromApp()[pri:0, instance:com.Vtiger.TC.TC001_CreateOrganizationTest@dd3b207]" name="logoutfromApp" is-config="true" duration-ms="-1638515454412" started-at="2021-12-03T12:40:54 IST" finished-at="1970-01-01T05:30:00 IST">
          <reporter-output>
          </reporter-output>
        </test-method> <!-- logoutfromApp -->
        <test-method status="SKIP" signature="logintoApp()[pri:0, instance:com.Vtiger.TC.TC001_CreateOrganizationTest@dd3b207]" name="logintoApp" is-config="true" duration-ms="-1638515454429" started-at="2021-12-03T12:40:54 IST" finished-at="1970-01-01T05:30:00 IST">
          <reporter-output>
          </reporter-output>
        </test-method> <!-- logintoApp -->
        <test-method status="SKIP" signature="createorgwithphonenumber()[pri:0, instance:com.Vtiger.TC.TC001_CreateOrganizationTest@dd3b207]" name="createorgwithphonenumber" duration-ms="0" started-at="2021-12-03T12:40:54 IST" finished-at="2021-12-03T12:40:54 IST">
          <exception class="org.testng.TestNGException">
            <message>
              <![CDATA[
Parameter 'BROWSER' is required by BeforeClass on method launchBrowser_URL but has not been marked @Optional or defined
in D:\April2021\SDET_3_HYD\testngRegressiono.xml]]>
            </message>
            <full-stacktrace>
              <![CDATA[org.testng.TestNGException: 
Parameter 'BROWSER' is required by BeforeClass on method launchBrowser_URL but has not been marked @Optional or defined
in D:\April2021\SDET_3_HYD\testngRegressiono.xml
at org.testng.internal.Parameters.createParams(Parameters.java:268)
at org.testng.internal.Parameters.createParametersForMethod(Parameters.java:356)
at org.testng.internal.Parameters.createParameters(Parameters.java:700)
at org.testng.internal.Parameters.createConfigurationParameters(Parameters.java:166)
at org.testng.internal.ConfigInvoker.invokeConfigurations(ConfigInvoker.java:301)
at org.testng.internal.TestMethodWorker.invokeBeforeClassMethods(TestMethodWorker.java:176)
at org.testng.internal.TestMethodWorker.run(TestMethodWorker.java:122)
at java.util.ArrayList.forEach(ArrayList.java:1257)
at org.testng.TestRunner.privateRun(TestRunner.java:764)
at org.testng.TestRunner.run(TestRunner.java:585)
at org.testng.SuiteRunner.runTest(SuiteRunner.java:384)
at org.testng.SuiteRunner.runSequentially(SuiteRunner.java:378)
at org.testng.SuiteRunner.privateRun(SuiteRunner.java:337)
at org.testng.SuiteRunner.run(SuiteRunner.java:286)
at org.testng.SuiteRunnerWorker.runSuite(SuiteRunnerWorker.java:53)
at org.testng.SuiteRunnerWorker.run(SuiteRunnerWorker.java:96)
at org.testng.TestNG.runSuitesSequentially(TestNG.java:1218)
at org.testng.TestNG.runSuitesLocally(TestNG.java:1140)
at org.testng.TestNG.runSuites(TestNG.java:1069)
at org.testng.TestNG.run(TestNG.java:1037)
at org.testng.remote.AbstractRemoteTestNG.run(AbstractRemoteTestNG.java:115)
at org.testng.remote.RemoteTestNG.initAndRun(RemoteTestNG.java:251)
at org.testng.remote.RemoteTestNG.main(RemoteTestNG.java:77)
]]>
            </full-stacktrace>
          </exception> <!-- org.testng.TestNGException -->
          <reporter-output>
          </reporter-output>
        </test-method> <!-- createorgwithphonenumber -->
        <test-method status="SKIP" signature="logoutfromApp()[pri:0, instance:com.Vtiger.TC.TC001_CreateOrganizationTest@dd3b207]" name="logoutfromApp" is-config="true" duration-ms="-1638515454447" started-at="2021-12-03T12:40:54 IST" finished-at="1970-01-01T05:30:00 IST">
          <reporter-output>
          </reporter-output>
        </test-method> <!-- logoutfromApp -->
        <test-method status="SKIP" signature="tearDown()[pri:0, instance:com.Vtiger.TC.TC001_CreateOrganizationTest@dd3b207]" name="tearDown" is-config="true" duration-ms="-1638515454451" started-at="2021-12-03T12:40:54 IST" finished-at="1970-01-01T05:30:00 IST">
          <reporter-output>
          </reporter-output>
        </test-method> <!-- tearDown -->
      </class> <!-- com.Vtiger.TC.TC001_CreateOrganizationTest -->
    </test> <!-- Test -->
  </suite> <!-- Suite -->
</testng-results>
